d:\workspace\verifyproject\verifyproject\debug\verifyproject.pch
d:\workspace\verifyproject\verifyproject\debug\vc140.pdb
d:\workspace\verifyproject\verifyproject\debug\stdafx.obj
d:\workspace\verifyproject\verifyproject\debug\verifyproject.obj
d:\workspace\verifyproject\verifyproject\debug\ctest.obj
d:\workspace\verifyproject\verifyproject\debug\.netframework,version=v4.0.assemblyattributes.obj
d:\workspace\verifyproject\verifyproject\debug\.netframework,version=v4.0.assemblyattributes.asm
d:\workspace\verifyproject\debug\verifyproject.dll
d:\workspace\verifyproject\debug\verifyproject.pdb
d:\workspace\verifyproject\debug\verifyproject.lib
d:\workspace\verifyproject\debug\verifyproject.exp
d:\workspace\verifyproject\verifyproject\debug\verifyproject.tlog\cl.command.1.tlog
d:\workspace\verifyproject\verifyproject\debug\verifyproject.tlog\cl.read.1.tlog
d:\workspace\verifyproject\verifyproject\debug\verifyproject.tlog\cl.write.1.tlog
d:\workspace\verifyproject\verifyproject\debug\verifyproject.tlog\link.command.1.tlog
d:\workspace\verifyproject\verifyproject\debug\verifyproject.tlog\link.read.1.tlog
d:\workspace\verifyproject\verifyproject\debug\verifyproject.tlog\link.write.1.tlog
d:\workspace\verifyproject\verifyproject\debug\verifyproject.tlog\metagen.read.1.tlog
d:\workspace\verifyproject\verifyproject\debug\verifyproject.tlog\metagen.write.1.tlog
d:\workspace\verifyproject\verifyproject\debug\verifyproject.tlog\verifyproject.write.1u.tlog
d:\workspace\verifyproject\verifyproject\debug\verifyproject.tlog\tzres.dll.bi
